<?xml version="1.0" encoding="UTF-8"?>
<!-- Generated by org.testng.reporters.JUnitReportReporter -->
<testsuite hostname="LAPTOP-AQ6R2IG5" failures="0" tests="1" name="cucumberOptions.TestNGRunner" time="0.203" errors="0" timestamp="2024-08-04T17:07:20 IST" skipped="0">
  <testcase classname="cucumberOptions.TestNGRunner" name="runScenario" time="0.203"/>
</testsuite> <!-- cucumberOptions.TestNGRunner -->
