<?xml version="1.0" encoding="UTF-8"?>
<!-- Generated by org.testng.reporters.JUnitReportReporter -->
<testsuite hostname="LAPTOP-AQ6R2IG5" failures="0" tests="1" name="cucumberOptions.TestNGRunner" time="0.165" errors="0" timestamp="09 Aug 2024 07:42:50 GMT" skipped="0">
  <testcase classname="cucumberOptions.TestNGRunner" name="runScenario" time="0.165"/>
</testsuite> <!-- cucumberOptions.TestNGRunner -->
